# JRE version: OpenJDK Runtime Environment Microsoft-13877129 (17.0.19+10) (build 17.0.19+10-LTS)
# Java VM: OpenJDK 64-Bit Server VM Microsoft-13877129 (17.0.19+10-LTS, mixed mode, sharing, tiered, compressed oops, compressed class ptrs, g1 gc, windows-amd64)
GC Precious Log:
 CPUs: 8 total, 8 available
 Memory: 3974M
 Large Page Support: Disabled
 NUMA Support: Disabled
 Compressed Oops: Enabled (32-bit)
 Heap Region Size: 1M
 Heap Min Capacity: 8M
 Heap Initial Capacity: 64M
 Heap Max Capacity: 2G
 Pre-touch: Disabled
 Parallel Workers: 8
 Concurrent Workers: 2
 Concurrent Refinement Workers: 8
 Periodic GC: Disabled
Heap:
 garbage-first heap   total 249856K, used 151173K [0x0000000080000000, 0x0000000100000000)
  region size 1024K, 9 young (9216K), 9 survivors (9216K)
 Metaspace       used 91429K, committed 92800K, reserved 557056K
  class space    used 12618K, committed 13248K, reserved 425984K
GC Heap History (20 events):
Event: 61.096 GC heap after
{Heap after GC invocations=53 (full 0):
 garbage-first heap   total 169984K, used 125317K [0x0000000080000000, 0x0000000100000000)
  region size 1024K, 3 young (3072K), 3 survivors (3072K)
 Metaspace       used 78611K, committed 79808K, reserved 557056K
  class space    used 10884K, committed 11456K, reserved 425984K
}
Event: 61.929 GC heap before
{Heap before GC invocations=53 (full 0):
 garbage-first heap   total 169984K, used 144773K [0x0000000080000000, 0x0000000100000000)
  region size 1024K, 22 young (22528K), 3 survivors (3072K)
 Metaspace       used 78851K, committed 80064K, reserved 557056K
  class space    used 10910K, committed 11456K, reserved 425984K
}
Event: 61.952 GC heap after
{Heap after GC invocations=54 (full 0):
 garbage-first heap   total 226304K, used 128454K [0x0000000080000000, 0x0000000100000000)
  region size 1024K, 3 young (3072K), 3 survivors (3072K)
 Metaspace       used 78851K, committed 80064K, reserved 557056K
  class space    used 10910K, committed 11456K, reserved 425984K
}
Event: 63.215 GC heap before
{Heap before GC invocations=54 (full 0):
 garbage-first heap   total 226304K, used 180678K [0x0000000080000000, 0x0000000100000000)
  region size 1024K, 55 young (56320K), 3 survivors (3072K)
 Metaspace       used 78863K, committed 80064K, reserved 557056K
  class space    used 10910K, committed 11456K, reserved 425984K
}
Event: 63.279 GC heap after
{Heap after GC invocations=55 (full 0):
 garbage-first heap   total 226304K, used 130301K [0x0000000080000000, 0x0000000100000000)
  region size 1024K, 5 young (5120K), 5 survivors (5120K)
 Metaspace       used 78863K, committed 80064K, reserved 557056K
  class space    used 10910K, committed 11456K, reserved 425984K
}
Event: 66.889 GC heap before
{Heap before GC invocations=55 (full 0):
 garbage-first heap   total 226304K, used 183549K [0x0000000080000000, 0x0000000100000000)
  region size 1024K, 58 young (59392K), 5 survivors (5120K)
 Metaspace       used 82263K, committed 83456K, reserved 557056K
  class space    used 11356K, committed 11904K, reserved 425984K
}
Event: 66.943 GC heap after
{Heap after GC invocations=56 (full 0):
 garbage-first heap   total 226304K, used 132068K [0x0000000080000000, 0x0000000100000000)
  region size 1024K, 4 young (4096K), 4 survivors (4096K)
 Metaspace       used 82263K, committed 83456K, reserved 557056K
  class space    used 11356K, committed 11904K, reserved 425984K
}
Event: 67.720 GC heap before
{Heap before GC invocations=56 (full 0):
 garbage-first heap   total 226304K, used 140260K [0x0000000080000000, 0x0000000100000000)
  region size 1024K, 13 young (13312K), 4 survivors (4096K)
 Metaspace       used 82985K, committed 84160K, reserved 557056K
  class space    used 11465K, committed 12032K, reserved 425984K
}
Event: 67.766 GC heap after
{Heap after GC invocations=57 (full 0):
 garbage-first heap   total 226304K, used 132354K [0x0000000080000000, 0x0000000100000000)
  region size 1024K, 5 young (5120K), 5 survivors (5120K)
 Metaspace       used 82985K, committed 84160K, reserved 557056K
  class space    used 11465K, committed 12032K, reserved 425984K
}
Event: 72.508 GC heap before
{Heap before GC invocations=58 (full 0):
 garbage-first heap   total 239616K, used 184578K [0x0000000080000000, 0x0000000100000000)
  region size 1024K, 59 young (60416K), 5 survivors (5120K)
 Metaspace       used 86822K, committed 88128K, reserved 557056K
  class space    used 12054K, committed 12672K, reserved 425984K
}
Event: 72.541 GC heap after
{Heap after GC invocations=59 (full 0):
 garbage-first heap   total 239616K, used 131339K [0x0000000080000000, 0x0000000100000000)
  region size 1024K, 7 young (7168K), 7 survivors (7168K)
 Metaspace       used 86822K, committed 88128K, reserved 557056K
  class space    used 12054K, committed 12672K, reserved 425984K
}
Event: 72.939 GC heap before
{Heap before GC invocations=59 (full 0):
 garbage-first heap   total 239616K, used 135435K [0x0000000080000000, 0x0000000100000000)
  region size 1024K, 11 young (11264K), 7 survivors (7168K)
 Metaspace       used 87142K, committed 88384K, reserved 557056K
  class space    used 12106K, committed 12672K, reserved 425984K
}
Event: 73.164 GC heap after
{Heap after GC invocations=60 (full 0):
 garbage-first heap   total 239616K, used 129664K [0x0000000080000000, 0x0000000100000000)
  region size 1024K, 2 young (2048K), 2 survivors (2048K)
 Metaspace       used 87142K, committed 88384K, reserved 557056K
  class space    used 12106K, committed 12672K, reserved 425984K
}
Event: 79.546 GC heap before
{Heap before GC invocations=60 (full 0):
 garbage-first heap   total 239616K, used 201344K [0x0000000080000000, 0x0000000100000000)
  region size 1024K, 69 young (70656K), 2 survivors (2048K)
 Metaspace       used 89510K, committed 90752K, reserved 557056K
  class space    used 12440K, committed 13056K, reserved 425984K
}
Event: 79.607 GC heap after
{Heap after GC invocations=61 (full 0):
 garbage-first heap   total 239616K, used 135015K [0x0000000080000000, 0x0000000100000000)
  region size 1024K, 5 young (5120K), 5 survivors (5120K)
 Metaspace       used 89510K, committed 90752K, reserved 557056K
  class space    used 12440K, committed 13056K, reserved 425984K
}
Event: 85.409 GC heap before
{Heap before GC invocations=62 (full 0):
 garbage-first heap   total 249856K, used 199527K [0x0000000080000000, 0x0000000100000000)
  region size 1024K, 68 young (69632K), 5 survivors (5120K)
 Metaspace       used 90085K, committed 91392K, reserved 557056K
  class space    used 12509K, committed 13120K, reserved 425984K
}
Event: 85.462 GC heap after
{Heap after GC invocations=63 (full 0):
 garbage-first heap   total 249856K, used 141798K [0x0000000080000000, 0x0000000100000000)
  region size 1024K, 9 young (9216K), 9 survivors (9216K)
 Metaspace       used 90085K, committed 91392K, reserved 557056K
  class space    used 12509K, committed 13120K, reserved 425984K
}
Event: 85.504 GC heap before
{Heap before GC invocations=63 (full 0):
 garbage-first heap   total 249856K, used 144870K [0x0000000080000000, 0x0000000100000000)
  region size 1024K, 12 young (12288K), 9 survivors (9216K)
 Metaspace       used 90091K, committed 91392K, reserved 557056K
  class space    used 12509K, committed 13120K, reserved 425984K
}
Event: 85.554 GC heap after
{Heap after GC invocations=64 (full 0):
 garbage-first heap   total 249856K, used 141811K [0x0000000080000000, 0x0000000100000000)
  region size 1024K, 2 young (2048K), 2 survivors (2048K)
 Metaspace       used 90091K, committed 91392K, reserved 557056K
  class space    used 12509K, committed 13120K, reserved 425984K
}
Event: 87.891 GC heap before
{Heap before GC invocations=64 (full 0):
 garbage-first heap   total 249856K, used 210419K [0x0000000080000000, 0x0000000100000000)
  region size 1024K, 65 young (66560K), 2 survivors (2048K)
 Metaspace       used 91429K, committed 92800K, reserved 557056K
  class space    used 12618K, committed 13248K, reserved 425984K
}

