# JRE version: OpenJDK Runtime Environment Microsoft-13877129 (17.0.19+10) (build 17.0.19+10-LTS)
# Java VM: OpenJDK 64-Bit Server VM Microsoft-13877129 (17.0.19+10-LTS, mixed mode, sharing, tiered, compressed oops, compressed class ptrs, g1 gc, windows-amd64)
GC Precious Log:
 CPUs: 8 total, 8 available
 Memory: 3974M
 Large Page Support: Disabled
 NUMA Support: Disabled
 Compressed Oops: Enabled (32-bit)
 Heap Region Size: 1M
 Heap Min Capacity: 8M
 Heap Initial Capacity: 64M
 Heap Max Capacity: 2G
 Pre-touch: Disabled
 Parallel Workers: 8
 Concurrent Workers: 2
 Concurrent Refinement Workers: 8
 Periodic GC: Disabled
Heap:
 garbage-first heap   total 284672K, used 110460K [0x0000000080000000, 0x0000000100000000)
  region size 1024K, 5 young (5120K), 5 survivors (5120K)
 Metaspace       used 77928K, committed 79104K, reserved 557056K
  class space    used 10838K, committed 11392K, reserved 425984K
GC Heap History (20 events):
Event: 25.945 GC heap after
{Heap after GC invocations=35 (full 0):
 garbage-first heap   total 114688K, used 54437K [0x0000000080000000, 0x0000000100000000)
  region size 1024K, 3 young (3072K), 3 survivors (3072K)
 Metaspace       used 49813K, committed 50560K, reserved 491520K
  class space    used 7030K, committed 7424K, reserved 425984K
}
Event: 28.269 GC heap before
{Heap before GC invocations=36 (full 0):
 garbage-first heap   total 114688K, used 87205K [0x0000000080000000, 0x0000000100000000)
  region size 1024K, 31 young (31744K), 3 survivors (3072K)
 Metaspace       used 50755K, committed 51648K, reserved 491520K
  class space    used 7147K, committed 7552K, reserved 425984K
}
Event: 28.360 GC heap after
{Heap after GC invocations=37 (full 0):
 garbage-first heap   total 114688K, used 65637K [0x0000000080000000, 0x0000000100000000)
  region size 1024K, 4 young (4096K), 4 survivors (4096K)
 Metaspace       used 50755K, committed 51648K, reserved 491520K
  class space    used 7147K, committed 7552K, reserved 425984K
}
Event: 28.389 GC heap before
{Heap before GC invocations=37 (full 0):
 garbage-first heap   total 114688K, used 66661K [0x0000000080000000, 0x0000000100000000)
  region size 1024K, 5 young (5120K), 4 survivors (4096K)
 Metaspace       used 50755K, committed 51648K, reserved 491520K
  class space    used 7147K, committed 7552K, reserved 425984K
}
Event: 28.421 GC heap after
{Heap after GC invocations=38 (full 0):
 garbage-first heap   total 114688K, used 66038K [0x0000000080000000, 0x0000000100000000)
  region size 1024K, 1 young (1024K), 1 survivors (1024K)
 Metaspace       used 50755K, committed 51648K, reserved 491520K
  class space    used 7147K, committed 7552K, reserved 425984K
}
Event: 29.322 GC heap before
{Heap before GC invocations=38 (full 0):
 garbage-first heap   total 114688K, used 87542K [0x0000000080000000, 0x0000000100000000)
  region size 1024K, 23 young (23552K), 1 survivors (1024K)
 Metaspace       used 50787K, committed 51648K, reserved 491520K
  class space    used 7147K, committed 7552K, reserved 425984K
}
Event: 29.333 GC heap after
{Heap after GC invocations=39 (full 0):
 garbage-first heap   total 284672K, used 67186K [0x0000000080000000, 0x0000000100000000)
  region size 1024K, 2 young (2048K), 2 survivors (2048K)
 Metaspace       used 50787K, committed 51648K, reserved 491520K
  class space    used 7147K, committed 7552K, reserved 425984K
}
Event: 33.748 GC heap before
{Heap before GC invocations=40 (full 0):
 garbage-first heap   total 239616K, used 184946K [0x0000000080000000, 0x0000000100000000)
  region size 1024K, 111 young (113664K), 2 survivors (2048K)
 Metaspace       used 53850K, committed 54784K, reserved 491520K
  class space    used 7485K, committed 7936K, reserved 425984K
}
Event: 33.787 GC heap after
{Heap after GC invocations=41 (full 0):
 garbage-first heap   total 239616K, used 79239K [0x0000000080000000, 0x0000000100000000)
  region size 1024K, 9 young (9216K), 9 survivors (9216K)
 Metaspace       used 53850K, committed 54784K, reserved 491520K
  class space    used 7485K, committed 7936K, reserved 425984K
}
Event: 33.850 GC heap before
{Heap before GC invocations=41 (full 0):
 garbage-first heap   total 239616K, used 81287K [0x0000000080000000, 0x0000000100000000)
  region size 1024K, 11 young (11264K), 9 survivors (9216K)
 Metaspace       used 54085K, committed 54976K, reserved 491520K
  class space    used 7509K, committed 7936K, reserved 425984K
}
Event: 33.897 GC heap after
{Heap after GC invocations=42 (full 0):
 garbage-first heap   total 239616K, used 78891K [0x0000000080000000, 0x0000000100000000)
  region size 1024K, 1 young (1024K), 1 survivors (1024K)
 Metaspace       used 54085K, committed 54976K, reserved 491520K
  class space    used 7509K, committed 7936K, reserved 425984K
}
Event: 38.835 GC heap before
{Heap before GC invocations=42 (full 0):
 garbage-first heap   total 239616K, used 182315K [0x0000000080000000, 0x0000000100000000)
  region size 1024K, 97 young (99328K), 1 survivors (1024K)
 Metaspace       used 61481K, committed 62400K, reserved 491520K
  class space    used 8464K, committed 8896K, reserved 425984K
}
Event: 38.869 GC heap after
{Heap after GC invocations=43 (full 0):
 garbage-first heap   total 239616K, used 85773K [0x0000000080000000, 0x0000000100000000)
  region size 1024K, 7 young (7168K), 7 survivors (7168K)
 Metaspace       used 61481K, committed 62400K, reserved 491520K
  class space    used 8464K, committed 8896K, reserved 425984K
}
Event: 42.909 GC heap before
{Heap before GC invocations=43 (full 0):
 garbage-first heap   total 239616K, used 181005K [0x0000000080000000, 0x0000000100000000)
  region size 1024K, 100 young (102400K), 7 survivors (7168K)
 Metaspace       used 65137K, committed 66048K, reserved 491520K
  class space    used 8918K, committed 9344K, reserved 425984K
}
Event: 43.038 GC heap after
{Heap after GC invocations=44 (full 0):
 garbage-first heap   total 239616K, used 93488K [0x0000000080000000, 0x0000000100000000)
  region size 1024K, 13 young (13312K), 13 survivors (13312K)
 Metaspace       used 65137K, committed 66048K, reserved 491520K
  class space    used 8918K, committed 9344K, reserved 425984K
}
Event: 47.860 GC heap before
{Heap before GC invocations=44 (full 0):
 garbage-first heap   total 239616K, used 187696K [0x0000000080000000, 0x0000000100000000)
  region size 1024K, 103 young (105472K), 13 survivors (13312K)
 Metaspace       used 71663K, committed 72576K, reserved 491520K
  class space    used 9929K, committed 10368K, reserved 425984K
}
Event: 48.036 GC heap after
{Heap after GC invocations=45 (full 0):
 garbage-first heap   total 239616K, used 99229K [0x0000000080000000, 0x0000000100000000)
  region size 1024K, 11 young (11264K), 11 survivors (11264K)
 Metaspace       used 71663K, committed 72576K, reserved 491520K
  class space    used 9929K, committed 10368K, reserved 425984K
}
Event: 52.221 GC heap before
{Heap before GC invocations=45 (full 0):
 garbage-first heap   total 239616K, used 190365K [0x0000000080000000, 0x0000000100000000)
  region size 1024K, 100 young (102400K), 11 survivors (11264K)
 Metaspace       used 77573K, committed 78720K, reserved 557056K
  class space    used 10806K, committed 11328K, reserved 425984K
}
Event: 52.322 GC heap after
{Heap after GC invocations=46 (full 0):
 garbage-first heap   total 239616K, used 106014K [0x0000000080000000, 0x0000000100000000)
  region size 1024K, 11 young (11264K), 11 survivors (11264K)
 Metaspace       used 77573K, committed 78720K, reserved 557056K
  class space    used 10806K, committed 11328K, reserved 425984K
}
Event: 60.231 GC heap before
{Heap before GC invocations=46 (full 0):
 garbage-first heap   total 239616K, used 189982K [0x0000000080000000, 0x0000000100000000)
  region size 1024K, 94 young (96256K), 11 survivors (11264K)
 Metaspace       used 77928K, committed 79104K, reserved 557056K
  class space    used 10838K, committed 11392K, reserved 425984K
}

